<?xml version="1.0" encoding="UTF-8"?>
<testng-results skipped="0" failed="0" total="1" passed="1">
  <reporter-output>
  </reporter-output>
  <suite name="Default suite" duration-ms="41274" started-at="2016-11-07T11:12:22Z" finished-at="2016-11-07T11:13:03Z">
    <groups>
      <group name="jskuli">
        <method signature="PigeonholeManagement.runStory(org.jtester.spec.scenario.JSpecScenario)[pri:0, instance:com.ali.jskuli.contractprint.PigeonholeManagement@19d9ba9]" name="runStory" class="com.ali.jskuli.contractprint.PigeonholeManagement"/>
      </group> <!-- jskuli -->
    </groups>
    <test name="Default test" duration-ms="41274" started-at="2016-11-07T11:12:22Z" finished-at="2016-11-07T11:13:03Z">
      <class name="com.ali.jskuli.contractprint.PigeonholeManagement">
        <test-method status="PASS" signature="aBeforeClass(org.testng.ITestContext)[pri:0, instance:com.ali.jskuli.contractprint.PigeonholeManagement@19d9ba9]" name="aBeforeClass" is-config="true" duration-ms="66" started-at="2016-11-07T19:12:22Z" finished-at="2016-11-07T19:12:22Z">
          <params>
            <param index="0">
              <value>
                <![CDATA[org.testng.TestRunner@214d0d46]]>
              </value>
            </param>
          </params>
          <reporter-output>
          </reporter-output>
        </test-method> <!-- aBeforeClass -->
        <test-method status="PASS" signature="aBeforeMethod(java.lang.reflect.Method)[pri:0, instance:com.ali.jskuli.contractprint.PigeonholeManagement@19d9ba9]" name="aBeforeMethod" is-config="true" duration-ms="579" started-at="2016-11-07T19:12:22Z" finished-at="2016-11-07T19:12:23Z">
          <params>
            <param index="0">
              <value>
                <![CDATA[public void com.ali.jskuli.contractprint.PigeonholeManagement.runStory(org.jtester.spec.scenario.JSpecScenario) throws java.lang.Throwable]]>
              </value>
            </param>
          </params>
          <reporter-output>
          </reporter-output>
        </test-method> <!-- aBeforeMethod -->
        <test-method status="PASS" signature="runStory(org.jtester.spec.scenario.JSpecScenario)[pri:0, instance:com.ali.jskuli.contractprint.PigeonholeManagement@19d9ba9]" name="runStory" duration-ms="40542" started-at="2016-11-07T19:12:23Z" description="xxxxxx" data-provider="story" finished-at="2016-11-07T19:13:03Z">
          <params>
            <param index="0">
              <value>
                <![CDATA[ÎÄ¼þ¹éµµ]]>
              </value>
            </param>
          </params>
          <reporter-output>
          </reporter-output>
        </test-method> <!-- runStory -->
        <test-method status="PASS" signature="zAfterMethod(java.lang.reflect.Method)[pri:0, instance:com.ali.jskuli.contractprint.PigeonholeManagement@19d9ba9]" name="zAfterMethod" is-config="true" duration-ms="4" started-at="2016-11-07T19:13:03Z" finished-at="2016-11-07T19:13:03Z">
          <params>
            <param index="0">
              <value>
                <![CDATA[public void com.ali.jskuli.contractprint.PigeonholeManagement.runStory(org.jtester.spec.scenario.JSpecScenario) throws java.lang.Throwable]]>
              </value>
            </param>
          </params>
          <reporter-output>
          </reporter-output>
        </test-method> <!-- zAfterMethod -->
        <test-method status="PASS" signature="zAfterClass()[pri:0, instance:com.ali.jskuli.contractprint.PigeonholeManagement@19d9ba9]" name="zAfterClass" is-config="true" duration-ms="4" started-at="2016-11-07T19:13:03Z" finished-at="2016-11-07T19:13:03Z">
          <reporter-output>
          </reporter-output>
        </test-method> <!-- zAfterClass -->
      </class> <!-- com.ali.jskuli.contractprint.PigeonholeManagement -->
    </test> <!-- Default test -->
  </suite> <!-- Default suite -->
</testng-results>
